[INFO] 2025-04-13 18:37:24,990 - Connecting to database - (SUCCESS)
[INFO] 2025-04-13 18:37:24,992 - Table check/creation - (SUCCESS)
[INFO] 2025-04-13 18:37:25,096 - INSERT committed as UUID 9b583876-b759-4d7b-bac7-25ca043c492a
[INFO] 2025-04-13 18:37:25,113 - Checkout created as new UUID deca8253-3dab-4718-bbe8-37ab674eb9e0
[INFO] 2025-04-13 18:37:25,121 - INSERT committed as UUID 8e05c99b-b3b4-47e4-9272-1459439bf6b7
[ERROR] 2025-04-13 18:37:25,127 - Rollback - (FAILED) - column "rollbacked_from" of relation "db_vsg" does not exist
LINE 4:     rollbacked_from, parent_uuid,
            ^

[INFO] 2025-04-13 18:37:35,535 - Connecting to database - (SUCCESS)
[INFO] 2025-04-13 18:37:35,536 - Table check/creation - (SUCCESS)
[INFO] 2025-04-13 18:37:35,684 - INSERT committed as UUID 2c9d3270-6227-49dd-8b6b-0b4b19a0f68b
[INFO] 2025-04-13 18:37:35,701 - Checkout created as new UUID 3843e266-86f3-4a49-8bca-aabd37419be9
[INFO] 2025-04-13 18:37:35,709 - INSERT committed as UUID 3e97ca07-655e-4075-b60a-10f3abb09c28
[ERROR] 2025-04-13 18:37:35,711 - Rollback - (FAILED) - column "rollbacked_from" of relation "db_vsg" does not exist
LINE 4:     rollbacked_from, parent_uuid,
            ^

[INFO] 2025-04-13 18:37:59,695 - Connecting to database - (SUCCESS)
[INFO] 2025-04-13 18:37:59,696 - Table check/creation - (SUCCESS)
[INFO] 2025-04-13 18:38:00,095 - INSERT committed as UUID 4c770c7d-9ab1-45b2-8e21-606303cd491c
[INFO] 2025-04-13 18:38:00,111 - Checkout created as new UUID 82649f02-759f-4cbd-b839-0cf7a42fa164
[INFO] 2025-04-13 18:38:00,119 - INSERT committed as UUID dbc77d86-617d-4a4c-aed4-03e2f616e17d
[ERROR] 2025-04-13 18:38:00,121 - Rollback - (FAILED) - column "rollbacked_from" of relation "db_vsg" does not exist
LINE 4:     rollbacked_from, parent_uuid,
            ^

[INFO] 2025-04-13 18:40:57,311 - Connecting to database - (SUCCESS)
[INFO] 2025-04-13 18:40:57,433 - Table check/creation - (SUCCESS)
[INFO] 2025-04-13 18:40:57,584 - INSERT committed as UUID 67ef221e-00da-4753-a3ba-9540f33a2981
[INFO] 2025-04-13 18:40:57,592 - Checkout created as new UUID 65bf46ad-d4c4-4f5f-b490-f7d28c52353a
[INFO] 2025-04-13 18:40:57,600 - INSERT committed as UUID d3a81f71-922f-415a-b50f-c896fe958b2c
[ERROR] 2025-04-13 18:40:57,603 - Rollback - (FAILED) - column "rollbacked_from" of relation "db_vsg" does not exist
LINE 4:     rollbacked_from, parent_uuid,
            ^

[INFO] 2025-04-13 18:42:10,810 - Connecting to database - (SUCCESS)
[INFO] 2025-04-13 18:42:10,811 - Table check/creation - (SUCCESS)
[INFO] 2025-04-13 18:42:10,955 - INSERT committed as UUID be4f92a2-6c4e-4110-9fd6-4905ea5777dd
[INFO] 2025-04-13 18:42:10,963 - Checkout created as new UUID 054e049d-568d-4982-a748-ce0378297aa2
[INFO] 2025-04-13 18:42:10,971 - INSERT committed as UUID ffee241a-e139-4e1c-bf0b-a48e6219cb84
[ERROR] 2025-04-13 18:42:10,975 - Rollback - (FAILED) - column "rollbacked_from" of relation "db_vsg" does not exist
LINE 4:     rollbacked_from, parent_uuid,
            ^

[INFO] 2025-04-13 18:42:34,392 - Connecting to database - (SUCCESS)
[INFO] 2025-04-13 18:42:34,519 - Table check/creation - (SUCCESS)
[INFO] 2025-04-13 18:42:34,653 - INSERT committed as UUID a9c0c4ce-95ab-4c5c-8a8e-9fedc865f7cc
[INFO] 2025-04-13 18:42:34,661 - Checkout created as new UUID 89df4917-f1c3-4d7d-b938-60c735dadd87
[INFO] 2025-04-13 18:42:34,678 - INSERT committed as UUID 3837cb45-d04b-4771-9548-30c334612c84
[INFO] 2025-04-13 18:42:34,686 - Rollback created as new UUID bd1616ce-8e48-4e3b-9aff-3346e80803ae
[INFO] 2025-04-13 18:42:34,703 - Merge created as UUID b8477449-132e-4d9d-83bf-9e3306473f3e
[INFO] 2025-04-13 18:42:34,712 - Restored table clients to snapshot a9c0c4ce-95ab-4c5c-8a8e-9fedc865f7cc
[INFO] 2025-04-13 18:42:34,714 - 5 - 'clients'
[INFO] 2025-04-13 18:49:16,377 - Connecting to database - (SUCCESS)
[INFO] 2025-04-13 18:49:16,377 - Table check/creation - (SUCCESS)
[INFO] 2025-04-13 18:49:16,479 - INSERT committed as UUID 72d8159d-d528-4ce1-af5a-f928626a8848
[INFO] 2025-04-13 18:49:16,488 - Checkout created as new UUID 6704e9bf-4744-4413-9d74-1b811034782b
[INFO] 2025-04-13 18:49:16,495 - INSERT committed as UUID dacf9dca-c5b2-4c8e-a3dc-b6913ea3311e
[INFO] 2025-04-13 18:49:16,504 - Rollback created as new UUID 44f54904-49cf-4b8e-a13d-4a599352b1cf
[INFO] 2025-04-13 18:49:16,512 - Merge created as UUID 34885060-0b6a-4e31-a89b-14e8c283aa31
[INFO] 2025-04-13 18:49:16,520 - Restored table clients to snapshot 72d8159d-d528-4ce1-af5a-f928626a8848
[INFO] 2025-04-13 18:49:16,521 - 5 - 'clients'
